<?xml version="1.0" encoding="UTF-8"?>
<!-- Generated by org.testng.reporters.JUnitReportReporter -->
<testsuite hostname="DESKTOP-6N1A0BM" failures="0" tests="1" name="pi.tests.UserTest" time="4.466" errors="0" timestamp="2023-12-28T20:29:49 IST" skipped="0">
  <testcase classname="pi.tests.UserTest" name="createUser" time="4.466"/>
  <system-out/>
</testsuite> <!-- pi.tests.UserTest -->
