<?xml version="1.0" encoding="UTF-8"?>
<!-- Generated by org.testng.reporters.JUnitReportReporter -->
<testsuite hostname="DESKTOP-6N1A0BM" failures="0" tests="1" name="reqRes_APIs.PathAndQueryParameters" time="6.108" errors="0" timestamp="2023-12-22T19:43:22 IST" skipped="0">
  <testcase classname="reqRes_APIs.PathAndQueryParameters" name="withQueryAndPathParams" time="6.108"/>
  <system-out/>
</testsuite> <!-- reqRes_APIs.PathAndQueryParameters -->
