<?xml version="1.0" encoding="UTF-8"?>
<!-- Generated by org.testng.reporters.JUnitReportReporter -->
<testsuite hostname="DESKTOP-6N1A0BM" failures="0" tests="2" name="restAssuresTest1.RestAPIVlidation" time="4.260" errors="0" timestamp="2023-12-19T23:21:19 IST" skipped="0">
  <testcase classname="restAssuresTest1.RestAPIVlidation" name="extractIdValueFromResponse" time="4.171"/>
  <system-out/>
  <testcase classname="restAssuresTest1.RestAPIVlidation" name="getSingleUser" time="0.089"/>
  <system-out/>
</testsuite> <!-- restAssuresTest1.RestAPIVlidation -->
