<?xml version="1.0" encoding="UTF-8"?>
<!-- Generated by org.testng.reporters.JUnitReportReporter -->
<testsuite hostname="DESKTOP-6N1A0BM" failures="0" tests="4" name="reqRes_APIs.PostReqValidation" time="9.176" errors="0" timestamp="2023-12-22T19:31:03 IST" skipped="0">
  <testcase classname="reqRes_APIs.PostReqValidation" name="testDataFromJsonLibrary" time="0.819"/>
  <system-out/>
  <testcase classname="reqRes_APIs.PostReqValidation" name="testDataUsingPOJOClass" time="0.693"/>
  <system-out/>
  <testcase classname="reqRes_APIs.PostReqValidation" name="testDataFromHashMap" time="1.666"/>
  <system-out/>
  <testcase classname="reqRes_APIs.PostReqValidation" name="dataFromExternalFile" time="5.998"/>
  <system-out/>
</testsuite> <!-- reqRes_APIs.PostReqValidation -->
