<?xml version="1.0" encoding="UTF-8"?>
<!-- Generated by org.testng.reporters.JUnitReportReporter -->
<testsuite hostname="DESKTOP-6N1A0BM" failures="0" tests="1" name="pi.tests.UserTest" time="5.659" errors="0" timestamp="2023-12-28T20:40:14 IST" skipped="0">
  <testcase classname="pi.tests.UserTest" name="createUser" time="5.659"/>
</testsuite> <!-- pi.tests.UserTest -->
